<?xml version="1.0" encoding="UTF-8"?>
<testng-results skipped="0" failed="0" total="1" passed="1">
  <reporter-output>
  </reporter-output>
  <suite name="Default suite" duration-ms="699" started-at="2019-06-01T12:14:17Z" finished-at="2019-06-01T12:14:18Z">
    <groups>
    </groups>
    <test name="Default test" duration-ms="699" started-at="2019-06-01T12:14:17Z" finished-at="2019-06-01T12:14:18Z">
      <class name="test.testC.TestC">
        <test-method status="PASS" signature="setUp()[pri:0, instance:test.testC.TestC@66048bfd]" name="setUp" is-config="true" duration-ms="19289" started-at="2019-06-01T17:43:58Z" finished-at="2019-06-01T17:44:17Z">
          <reporter-output>
          </reporter-output>
        </test-method> <!-- setUp -->
        <test-method status="PASS" signature="testCTest()[pri:0, instance:test.testC.TestC@66048bfd]" name="testCTest" duration-ms="689" started-at="2019-06-01T17:44:17Z" finished-at="2019-06-01T17:44:18Z">
          <reporter-output>
          </reporter-output>
        </test-method> <!-- testCTest -->
        <test-method status="PASS" signature="tearDown()[pri:0, instance:test.testC.TestC@66048bfd]" name="tearDown" is-config="true" duration-ms="701" started-at="2019-06-01T17:44:18Z" finished-at="2019-06-01T17:44:19Z">
          <reporter-output>
          </reporter-output>
        </test-method> <!-- tearDown -->
      </class> <!-- test.testC.TestC -->
    </test> <!-- Default test -->
  </suite> <!-- Default suite -->
</testng-results>
